/usr/local/lib/python2.7/dist-packages/tensorflow/python/ops/gradients_impl.py:93: UserWarning: Converting sparse IndexedSlices to a dense Tensor of unknown shape. This may consume a large amount of memory.
  "Converting sparse IndexedSlices to a dense Tensor of unknown shape. "
2017-08-09 05:38:16.303566: I tensorflow/core/common_runtime/gpu/gpu_device.cc:887] Found device 0 with properties: 
name: TITAN X (Pascal)
major: 6 minor: 1 memoryClockRate (GHz) 1.531
pciBusID 0000:02:00.0
Total memory: 11.90GiB
Free memory: 11.76GiB
2017-08-09 05:38:16.303609: I tensorflow/core/common_runtime/gpu/gpu_device.cc:908] DMA: 0 
2017-08-09 05:38:16.303615: I tensorflow/core/common_runtime/gpu/gpu_device.cc:918] 0:   Y 
2017-08-09 05:38:16.303627: I tensorflow/core/common_runtime/gpu/gpu_device.cc:977] Creating TensorFlow device (/gpu:0) -> (device: 0, name: TITAN X (Pascal), pci bus id: 0000:02:00.0)
2017-08-09 05:38:18.022398: I tensorflow/compiler/xla/service/platform_util.cc:58] platform CUDA present with 1 visible devices
2017-08-09 05:38:18.022474: I tensorflow/compiler/xla/service/platform_util.cc:58] platform Host present with 24 visible devices
2017-08-09 05:38:18.094864: I tensorflow/compiler/xla/service/service.cc:183] XLA service 0x10bbf4b0 executing computations on platform Host. Devices:
2017-08-09 05:38:18.094912: I tensorflow/compiler/xla/service/service.cc:191]   StreamExecutor device (0): <undefined>, <undefined>
2017-08-09 05:38:18.095317: I tensorflow/compiler/xla/service/platform_util.cc:58] platform CUDA present with 1 visible devices
2017-08-09 05:38:18.095334: I tensorflow/compiler/xla/service/platform_util.cc:58] platform Host present with 24 visible devices
2017-08-09 05:38:18.146674: I tensorflow/compiler/xla/service/service.cc:183] XLA service 0x10905120 executing computations on platform CUDA. Devices:
2017-08-09 05:38:18.146693: I tensorflow/compiler/xla/service/service.cc:191]   StreamExecutor device (0): TITAN X (Pascal), Compute Capability 6.1
/usr/local/lib/python2.7/dist-packages/tensorflow/python/ops/gradients_impl.py:93: UserWarning: Converting sparse IndexedSlices to a dense Tensor of unknown shape. This may consume a large amount of memory.
  "Converting sparse IndexedSlices to a dense Tensor of unknown shape. "
2017-08-09 05:42:09.625199: I tensorflow/core/common_runtime/gpu/gpu_device.cc:887] Found device 0 with properties: 
name: TITAN X (Pascal)
major: 6 minor: 1 memoryClockRate (GHz) 1.531
pciBusID 0000:02:00.0
Total memory: 11.90GiB
Free memory: 11.76GiB
2017-08-09 05:42:09.625246: I tensorflow/core/common_runtime/gpu/gpu_device.cc:908] DMA: 0 
2017-08-09 05:42:09.625254: I tensorflow/core/common_runtime/gpu/gpu_device.cc:918] 0:   Y 
2017-08-09 05:42:09.625265: I tensorflow/core/common_runtime/gpu/gpu_device.cc:977] Creating TensorFlow device (/gpu:0) -> (device: 0, name: TITAN X (Pascal), pci bus id: 0000:02:00.0)
2017-08-09 05:42:11.205674: I tensorflow/compiler/xla/service/platform_util.cc:58] platform CUDA present with 1 visible devices
2017-08-09 05:42:11.205737: I tensorflow/compiler/xla/service/platform_util.cc:58] platform Host present with 24 visible devices
2017-08-09 05:42:11.210421: I tensorflow/compiler/xla/service/service.cc:183] XLA service 0x1033e370 executing computations on platform Host. Devices:
2017-08-09 05:42:11.210463: I tensorflow/compiler/xla/service/service.cc:191]   StreamExecutor device (0): <undefined>, <undefined>
2017-08-09 05:42:11.210814: I tensorflow/compiler/xla/service/platform_util.cc:58] platform CUDA present with 1 visible devices
2017-08-09 05:42:11.210823: I tensorflow/compiler/xla/service/platform_util.cc:58] platform Host present with 24 visible devices
2017-08-09 05:42:11.214597: I tensorflow/compiler/xla/service/service.cc:183] XLA service 0xf521240 executing computations on platform CUDA. Devices:
2017-08-09 05:42:11.214623: I tensorflow/compiler/xla/service/service.cc:191]   StreamExecutor device (0): TITAN X (Pascal), Compute Capability 6.1
